


ARM Macro Assembler    Page 1 


    1 00000000         ; Standard definitions of Mode bits and Interrupt (I & F
                       ) flags in PSRs
    2 00000000         
    3 00000000 00000010 
                       Mode_USR
                               EQU              0x10
    4 00000000 00000011 
                       Mode_FIQ
                               EQU              0x11
    5 00000000 00000012 
                       Mode_IRQ
                               EQU              0x12
    6 00000000 00000013 
                       Mode_SVC
                               EQU              0x13
    7 00000000 00000017 
                       Mode_ABT
                               EQU              0x17
    8 00000000 0000001B 
                       Mode_UND
                               EQU              0x1B
    9 00000000 0000001F 
                       Mode_SYS
                               EQU              0x1F
   10 00000000         
   11 00000000 00000080 
                       I_Bit   EQU              0x80        ; when I bit is set
                                                            , IRQ is disabled
   12 00000000 00000040 
                       F_Bit   EQU              0x40        ; when F bit is set
                                                            , FIQ is disabled
   13 00000000         
   14 00000000         
   15 00000000         ;// <h> Stack Configuration (Stack Sizes in Bytes)
   16 00000000         ;//   <o0> Undefined Mode      <0x0-0xFFFFFFFF:8>
   17 00000000         ;//   <o1> Supervisor Mode     <0x0-0xFFFFFFFF:8>
   18 00000000         ;//   <o2> Abort Mode          <0x0-0xFFFFFFFF:8>
   19 00000000         ;//   <o3> Fast Interrupt Mode <0x0-0xFFFFFFFF:8>
   20 00000000         ;//   <o4> Interrupt Mode      <0x0-0xFFFFFFFF:8>
   21 00000000         ;//   <o5> User/System Mode    <0x0-0xFFFFFFFF:8>
   22 00000000         ;// </h>
   23 00000000         
   24 00000000 00000000 
                       UND_Stack_Size
                               EQU              0x00000000
   25 00000000 00000080 
                       SVC_Stack_Size
                               EQU              0x00000080
   26 00000000 00000000 
                       ABT_Stack_Size
                               EQU              0x00000000
   27 00000000 00000000 
                       FIQ_Stack_Size
                               EQU              0x00000000
   28 00000000 00000080 
                       IRQ_Stack_Size
                               EQU              0x00000080
   29 00000000 00000000 
                       USR_Stack_Size



ARM Macro Assembler    Page 2 


                               EQU              0x00000000
   30 00000000         
   32 00000000 00000100 
                       ISR_Stack_Size
                               EQU              (UND_Stack_Size + SVC_Stack_Siz
e + ABT_Stack_Size +                           FIQ_Stack_Size + IRQ_Stack_Size
)
   33 00000000         
   34 00000000                 AREA             RESET, CODE
   35 00000000                 ENTRY
   36 00000000         ;  Dummy Handlers are implemented as infinite loops whic
                       h can be modified.
   37 00000000         
   38 00000000 E59FF024 
                       Vectors LDR              PC, Reset_Addr
   39 00000004 E59FF024        LDR              PC, Undef_Addr
   40 00000008 E59FF024        LDR              PC, SWI_Addr
   41 0000000C E59FF024        LDR              PC, PAbt_Addr
   42 00000010 E59FF024        LDR              PC, DAbt_Addr
   43 00000014 E1A00000        NOP                          ; Reserved Vector 
   44 00000018 E51FF008        LDR              PC, IRQ_Addr
   45 0000001C         ;               LDR     PC, [PC, #-0x0FF0]     ; Vector 
                       from VicVectAddr
   46 0000001C E59FF020        LDR              PC, FIQ_Addr
   47 00000020         
   48 00000020 00000000 
                       ACBASE  DCD              P0COUNT
   49 00000024 00000000 
                       SCONTR  DCD              SIMCONTROL
   50 00000028 00000000 
                       DEBUGIO DCD              DEBUG_CNT
   51 0000002C 00000000 
                       Reset_Addr
                               DCD              Reset_Handler
   52 00000030 00000000 
                       Undef_Addr
                               DCD              Undef_Handler
   53 00000034 00000000 
                       SWI_Addr
                               DCD              SWI_Handler
   54 00000038 00000000 
                       PAbt_Addr
                               DCD              PAbt_Handler
   55 0000003C 00000000 
                       DAbt_Addr
                               DCD              DAbt_Handler
   56 00000040 00000000        DCD              0           ; Reserved Address 
                                                            
   57 00000044 00000000 
                       FIQ_Addr
                               DCD              FIQ_Handler
   58 00000048         
   59 00000048 EAFFFFFE 
                       Undef_Handler
                               B                Undef_Handler
   60 0000004C EAFFFFFE 
                       SWI_Handler
                               B                SWI_Handler
   61 00000050 EAFFFFFE 



ARM Macro Assembler    Page 3 


                       PAbt_Handler
                               B                PAbt_Handler
   62 00000054 EAFFFFFE 
                       DAbt_Handler
                               B                DAbt_Handler
   63 00000058 EAFFFFFE 
                       FIQ_Handler
                               B                FIQ_Handler
   64 0000005C         
   65 0000005C         
   66 0000005C                 AREA             ARMuser, CODE,READONLY
   67 00000000         
   68 00000000 00000000 
                       IRQ_Addr
                               DCD              ISR_FUNC1
   69 00000004 00000010 
                       EINT2   EQU              16
   70 00000004 FFFFF010 
                       Addr_VicIntEn
                               DCD              0xFFFFF010  ; set to (1<<EINT0)
                                                            
   71 00000008 E01FC148 
                       Addr_EXTMODE
                               DCD              0xE01FC148  ; set to 1
   72 0000000C E002C000 
                       Addr_PINSEL0
                               DCD              0xE002C000  ; set to 2_1100
   73 00000010 E01FC140 
                       Addr_EXTINT
                               DCD              0xE01FC140
   74 00000014         
   75 00000014         ;  addresses of two registers that allow faster input
   76 00000014         
   77 00000014 E0028000 
                       Addr_IOPIN
                               DCD              0xE0028000
   78 00000018         
   79 00000018         
   80 00000018         ; Initialise the Interrupt System
   81 00000018         ;  ...
   82 00000018 E82D0003 
                       ISR_FUNC1
                               STMED            R13!, {R0,R1}
   83 0000001C E3A00004        MOV              R0, #(1 << 2) ; bit 2 of EXTINT
                                                            
   84 00000020 E51F1018        LDR              R1, Addr_EXTINT
   85 00000024 E5810000        STR              R0, [R1]    ; EINT2 reset inter
                                                            rupt
   86 00000028 E9BD0003        LDMED            R13!, {R0,R1}
   87 0000002C EA000040        B                ISR_FUNC
   88 00000030         
   89 00000030         Reset_Handler
   90 00000030         ; PORT0.1 1->0 triggers EINT0 IRQ interrupt
   91 00000030 E3A00801        MOV              R0, #(1 << EINT2)
   92 00000034 E51F1038        LDR              R1, Addr_VicIntEn
   93 00000038 E5810000        STR              R0, [R1]
   94 0000003C E3A00101        MOV              R0, #(1 << 30)
   95 00000040 E51F103C        LDR              R1, Addr_PINSEL0
   96 00000044 E5810000        STR              R0, [R1]



ARM Macro Assembler    Page 4 


   97 00000048 E3A00004        MOV              R0, #(1 << 2)
   98 0000004C E51F104C        LDR              R1, Addr_EXTMODE
   99 00000050 E5810000        STR              R0, [R1]
  100 00000054         
  101 00000054         ;  Setup Stack for each mode
  102 00000054         
  103 00000054 E59F0150        LDR              R0, =Stack_Top
  104 00000058         
  105 00000058         ;  Enter Undefined Instruction Mode and set its Stack Po
                       inter
  106 00000058 E321F0DB        MSR              CPSR_c, #Mode_UND:OR:I_Bit:OR:F
_Bit
  107 0000005C E1A0D000        MOV              SP, R0
  108 00000060 E2400000        SUB              R0, R0, #UND_Stack_Size
  109 00000064         
  110 00000064         ;  Enter Abort Mode and set its Stack Pointer
  111 00000064 E321F0D7        MSR              CPSR_c, #Mode_ABT:OR:I_Bit:OR:F
_Bit
  112 00000068 E1A0D000        MOV              SP, R0
  113 0000006C E2400000        SUB              R0, R0, #ABT_Stack_Size
  114 00000070         
  115 00000070         ;  Enter FIQ Mode and set its Stack Pointer
  116 00000070 E321F0D1        MSR              CPSR_c, #Mode_FIQ:OR:I_Bit:OR:F
_Bit
  117 00000074 E1A0D000        MOV              SP, R0
  118 00000078 E2400000        SUB              R0, R0, #FIQ_Stack_Size
  119 0000007C         
  120 0000007C         ;  Enter IRQ Mode and set its Stack Pointer
  121 0000007C E321F0D2        MSR              CPSR_c, #Mode_IRQ:OR:I_Bit:OR:F
_Bit
  122 00000080 E1A0D000        MOV              SP, R0
  123 00000084 E2400080        SUB              R0, R0, #IRQ_Stack_Size
  124 00000088         
  125 00000088         ;  Enter Supervisor Mode and set its Stack Pointer
  126 00000088 E321F053        MSR              CPSR_c, #Mode_SVC:OR:F_Bit
  127 0000008C E1A0D000        MOV              SP, R0
  128 00000090 E2400080        SUB              R0, R0, #SVC_Stack_Size
  129 00000094 EA000009        B                START
  130 00000098         ;----------------------------DO NOT CHANGE ABOVE THIS CO
                       MMENT--------------------------------
  131 00000098         ;-------------------------------------------------------
                       -------------------------------------
  132 00000098         ;-------------------------------------------------------
                       -------------------------------------
  133 00000098         ;*******************************************************
                       ***********************************
  134 00000098         ; Author: Zihan Liu
  135 00000098         ; Purpose: Code to measure frequencies for 4 different P
                       ins.
  136 00000098         ; Date: JAN 2015
  137 00000098         ; Code overview:
  138 00000098         ; This code shift the bit need to calculate to the front
                        then use a and instruction to check if the bit change f
                       rom 0 to 1.
  139 00000098         ;*******************************************************
                       ***********************************
  140 00000098         
  141 00000098 02040081 
                       FILTER  DCD              0x02040081



ARM Macro Assembler    Page 5 


  142 0000009C 0000007F 
                       P0FULL  DCD              0x7F
  143 000000A0 0003FF80 
                       P1FULL  DCD              0x3FF80
  144 000000A4 01FC0000 
                       P2FULL  DCD              0x1FC0000
  145 000000A8 FE000000 
                       P3FULL  DCD              0xFE000000
  146 000000AC 000007FF 
                       NUMBER  DCD              0X7FF
  147 000000B0 00000000 
                       Addr_P0COUNT
                               DCD              P0COUNT
  148 000000B4 00000000 
                       Addr_P1COUNT
                               DCD              P1COUNT
  149 000000B8 00000000 
                       Addr_P2COUNT
                               DCD              P2COUNT
  150 000000BC 00000000 
                       Addr_P3COUNT
                               DCD              P3COUNT
  151 000000C0         
  152 000000C0         
  153 000000C0         
  154 000000C0 E51F701C 
                       START   LDR              R7,   NUMBER
  155 000000C4 E51F8034        LDR              R8,   FILTER
  156 000000C8 E51FC028        LDR              R12,    P3FULL
  157 000000CC E51FB030        LDR              R11,  P2FULL
  158 000000D0 E51FA038        LDR              R10,   P1FULL
  159 000000D4 E51FD0C8        LDR              R13,   Addr_IOPIN ;load the num
                                                            ber from Addr_IOPIN
                                                            
  160 000000D8 E3A01000        MOV              R1, #0
  161 000000DC E3A02000        MOV              R2, #0
  162 000000E0 E3A09000        MOV              R9, #0
  163 000000E4         
  164 000000E4         
  165 000000E4         
  166 000000E4         ; main couting loop loops forever, interrupted at end of
                        simulation
  167 000000E4 E59D0000 
                       LOOP    LDR              R0, [R13]
  168 000000E8 E0000008        AND              R0, R0, R8
  169 000000EC E1C00001        BIC              R0, R0, R1
  170 000000F0 E0822001        ADD              R2, R2, R1
  171 000000F4 E1A01000        MOV              R1, R0
  172 000000F8         
  173 000000F8 E1120009        TST              R2,R9       ;PIN 0 BIT 0
  174 000000FC 1283307F        ADDNE            R3,R3,#0X7F
  175 00000100 1242207F        SUBNE            R2,R2,#0X7F
  176 00000104         
  177 00000104 E112000A        TST              R2,R10      ;PIN 1 BIT 7
  178 00000108 10844007        ADDNE            R4,R4,R7
  179 0000010C 1042200A        SUBNE            R2,R2,R10
  180 00000110         
  181 00000110 E112000B        TST              R2,R11      ;PIN 2 BIT 15
  182 00000114 1285507F        ADDNE            R5,R5,#0X7F



ARM Macro Assembler    Page 6 


  183 00000118 1042200B        SUBNE            R2,R2,R11
  184 0000011C         
  185 0000011C E112000C        TST              R2,R12      ;PIN 3 BIT 25
  186 00000120 1286607F        ADDNE            R6,R6,#0X7F
  187 00000124 1042200C        SUBNE            R2,R2,R12
  188 00000128         
  189 00000128         
  190 00000128 E3590000        CMP              R9, #0
  191 0000012C 0AFFFFEC        BEQ              LOOP
  192 00000130         
  193 00000130 EA000001        B                LOOP2       ; For skeleton code
                                                             only, replace with
                                                             counting loop whic
                                                            h
  194 00000134         ; branches to LOOP_END on termination of loop
  195 00000134         
  196 00000134         
  197 00000134         
  198 00000134 E3A09001 
                       ISR_FUNC
                               MOV              R9, #1
  199 00000138 E25EF004        SUBS             pc, R14,#4
  200 0000013C         
  201 0000013C         
  202 0000013C         
  203 0000013C E1A0CC82 
                       LOOP2   MOV              R12, R2, LSL#25
  204 00000140 E1A0CCAC        MOV              R12, R12,LSR#25
  205 00000144 E08CC003        ADD              R12, R12, R3
  206 00000148 E51F00A0        LDR              R0, Addr_P0COUNT
  207 0000014C E580C000        STR              R12, [R0]
  208 00000150         
  209 00000150 E1A0B702        MOV              R11, R2, LSL#14
  210 00000154 E1A0BAAB        MOV              R11, R11,LSR#21
  211 00000158 E08BB004        ADD              R11, R11, R4
  212 0000015C E51F10B0        LDR              R1,  Addr_P1COUNT
  213 00000160 E581B000        STR              R11, [R1]
  214 00000164         
  215 00000164 E1A0A382        MOV              R10, R2, LSL#7
  216 00000168 E1A0ACAA        MOV              R10, R10,LSR#25
  217 0000016C E08AA005        ADD              R10, R10, R5
  218 00000170 E51F20C0        LDR              R2, Addr_P2COUNT
  219 00000174 E582A000        STR              R10, [R2]
  220 00000178         
  221 00000178 E1A09CA2        MOV              R9, R2, LSR#25
  222 0000017C E0899006        ADD              R9, R9, R6
  223 00000180 E51F30CC        LDR              R3, Addr_P3COUNT
  224 00000184 E5839000        STR              R9, [R3]
  225 00000188 EA000004        B                LOOP_END
  226 0000018C         ;-------------------------------------------------------
                       -------------------------------------
  227 0000018C         ; PARAMETERS TO CONTROL SIMULATION, VALUES MAY BE CHANGE
                       D TO IMPLEMENT DIFFERENT TESTS
  228 0000018C         ;-------------------------------------------------------
                       -------------------------------------
  229 0000018C         SIMCONTROL
  230 0000018C 00002710 
                       SIM_TIME
                               DCD              10000       ; length of simulat



ARM Macro Assembler    Page 7 


                                                            ion in cycles (100M
                                                            Hz clock)
  231 00000190 00000024 
                       P0_PERIOD
                               DCD              36          ; bit 0 input perio
                                                            d in cycles
  232 00000194 00000024 
                       P1_PERIOD
                               DCD              36          ; bit 7 input perio
                                                            d in cycles
  233 00000198 00000024 
                       P2_PERIOD
                               DCD              36          ; bit 18 input peri
                                                            od in cycles
  234 0000019C 00000024 
                       P3_PERIOD
                               DCD              36          ; bit 25 input peri
                                                            od in cycles
  235 000001A0         ;---------------------DO NOT CHANGE AFTER THIS COMMENT--
                       -------------------------------------
  236 000001A0         ;-------------------------------------------------------
                       -------------------------------------
  237 000001A0         ;-------------------------------------------------------
                       -------------------------------------
  238 000001A0 E3A00C7F 
                       LOOP_END
                               MOV              R0, #0x7f00
  239 000001A4 E5900000        LDR              R0, [R0]    ; read memory locat
                                                            ion 7f00 to stop si
                                                            mulation
  240 000001A8 EAFFFFFE 
                       STOP    B                STOP
  241 000001AC         ;-------------------------------------------------------
                       ----------------------
  242 000001AC 00000000        AREA             DATA, READWRITE
  243 00000000         SIM_OUT
  244 00000000 00000000 
                       P0COUNT DCD              0
  245 00000004 00000000 
                       P1COUNT DCD              0
  246 00000008 00000000 
                       P2COUNT DCD              0
  247 0000000C 00000000 
                       P3COUNT DCD              0
  248 00000010         ;-------------------------------------------------------
                       -----------------------   
  249 00000010                 AREA             STACK, NOINIT, READWRITE, ALIGN
=3
  250 00000000         DEBUG_CNT
                               SPACE            16
  251 00000010         Stack_Mem
                               SPACE            USR_Stack_Size
  252 00000010         __initial_sp
                               SPACE            ISR_Stack_Size
  253 00000110         
  254 00000110         Stack_Top
  255 00000110         
  256 00000110         
  257 00000110                 END                          ; Mark end of file



ARM Macro Assembler    Page 8 


Command Line: --debug --xref --apcs=interwork --depend=countfreq.d -ocountfreq.
o -IC:\Keil\ARM\CMSIS\Include -IC:\Keil\ARM\INC\Philips --predefine="__EVAL SET
A 1" --list=countfreq.lst countfreq.s



ARM Macro Assembler    Page 1 Alphabetic symbol ordering
Relocatable symbols

ACBASE 00000020

Symbol: ACBASE
   Definitions
      At line 48 in file countfreq.s
   Uses
      None
Comment: ACBASE unused
DAbt_Addr 0000003C

Symbol: DAbt_Addr
   Definitions
      At line 55 in file countfreq.s
   Uses
      At line 42 in file countfreq.s
Comment: DAbt_Addr used once
DAbt_Handler 00000054

Symbol: DAbt_Handler
   Definitions
      At line 62 in file countfreq.s
   Uses
      At line 55 in file countfreq.s
      At line 62 in file countfreq.s

DEBUGIO 00000028

Symbol: DEBUGIO
   Definitions
      At line 50 in file countfreq.s
   Uses
      None
Comment: DEBUGIO unused
FIQ_Addr 00000044

Symbol: FIQ_Addr
   Definitions
      At line 57 in file countfreq.s
   Uses
      At line 46 in file countfreq.s
Comment: FIQ_Addr used once
FIQ_Handler 00000058

Symbol: FIQ_Handler
   Definitions
      At line 63 in file countfreq.s
   Uses
      At line 57 in file countfreq.s
      At line 63 in file countfreq.s

PAbt_Addr 00000038

Symbol: PAbt_Addr
   Definitions
      At line 54 in file countfreq.s
   Uses
      At line 41 in file countfreq.s
Comment: PAbt_Addr used once
PAbt_Handler 00000050



ARM Macro Assembler    Page 2 Alphabetic symbol ordering
Relocatable symbols


Symbol: PAbt_Handler
   Definitions
      At line 61 in file countfreq.s
   Uses
      At line 54 in file countfreq.s
      At line 61 in file countfreq.s

RESET 00000000

Symbol: RESET
   Definitions
      At line 34 in file countfreq.s
   Uses
      None
Comment: RESET unused
Reset_Addr 0000002C

Symbol: Reset_Addr
   Definitions
      At line 51 in file countfreq.s
   Uses
      At line 38 in file countfreq.s
Comment: Reset_Addr used once
SCONTR 00000024

Symbol: SCONTR
   Definitions
      At line 49 in file countfreq.s
   Uses
      None
Comment: SCONTR unused
SWI_Addr 00000034

Symbol: SWI_Addr
   Definitions
      At line 53 in file countfreq.s
   Uses
      At line 40 in file countfreq.s
Comment: SWI_Addr used once
SWI_Handler 0000004C

Symbol: SWI_Handler
   Definitions
      At line 60 in file countfreq.s
   Uses
      At line 53 in file countfreq.s
      At line 60 in file countfreq.s

Undef_Addr 00000030

Symbol: Undef_Addr
   Definitions
      At line 52 in file countfreq.s
   Uses
      At line 39 in file countfreq.s
Comment: Undef_Addr used once
Undef_Handler 00000048




ARM Macro Assembler    Page 3 Alphabetic symbol ordering
Relocatable symbols

Symbol: Undef_Handler
   Definitions
      At line 59 in file countfreq.s
   Uses
      At line 52 in file countfreq.s
      At line 59 in file countfreq.s

Vectors 00000000

Symbol: Vectors
   Definitions
      At line 38 in file countfreq.s
   Uses
      None
Comment: Vectors unused
16 symbols



ARM Macro Assembler    Page 1 Alphabetic symbol ordering
Relocatable symbols

ARMuser 00000000

Symbol: ARMuser
   Definitions
      At line 66 in file countfreq.s
   Uses
      None
Comment: ARMuser unused
Addr_EXTINT 00000010

Symbol: Addr_EXTINT
   Definitions
      At line 73 in file countfreq.s
   Uses
      At line 84 in file countfreq.s
Comment: Addr_EXTINT used once
Addr_EXTMODE 00000008

Symbol: Addr_EXTMODE
   Definitions
      At line 71 in file countfreq.s
   Uses
      At line 98 in file countfreq.s
Comment: Addr_EXTMODE used once
Addr_IOPIN 00000014

Symbol: Addr_IOPIN
   Definitions
      At line 77 in file countfreq.s
   Uses
      At line 159 in file countfreq.s
Comment: Addr_IOPIN used once
Addr_P0COUNT 000000B0

Symbol: Addr_P0COUNT
   Definitions
      At line 147 in file countfreq.s
   Uses
      At line 206 in file countfreq.s
Comment: Addr_P0COUNT used once
Addr_P1COUNT 000000B4

Symbol: Addr_P1COUNT
   Definitions
      At line 148 in file countfreq.s
   Uses
      At line 212 in file countfreq.s
Comment: Addr_P1COUNT used once
Addr_P2COUNT 000000B8

Symbol: Addr_P2COUNT
   Definitions
      At line 149 in file countfreq.s
   Uses
      At line 218 in file countfreq.s
Comment: Addr_P2COUNT used once
Addr_P3COUNT 000000BC

Symbol: Addr_P3COUNT



ARM Macro Assembler    Page 2 Alphabetic symbol ordering
Relocatable symbols

   Definitions
      At line 150 in file countfreq.s
   Uses
      At line 223 in file countfreq.s
Comment: Addr_P3COUNT used once
Addr_PINSEL0 0000000C

Symbol: Addr_PINSEL0
   Definitions
      At line 72 in file countfreq.s
   Uses
      At line 95 in file countfreq.s
Comment: Addr_PINSEL0 used once
Addr_VicIntEn 00000004

Symbol: Addr_VicIntEn
   Definitions
      At line 70 in file countfreq.s
   Uses
      At line 92 in file countfreq.s
Comment: Addr_VicIntEn used once
FILTER 00000098

Symbol: FILTER
   Definitions
      At line 141 in file countfreq.s
   Uses
      At line 155 in file countfreq.s
Comment: FILTER used once
IRQ_Addr 00000000

Symbol: IRQ_Addr
   Definitions
      At line 68 in file countfreq.s
   Uses
      At line 44 in file countfreq.s
Comment: IRQ_Addr used once
ISR_FUNC 00000134

Symbol: ISR_FUNC
   Definitions
      At line 198 in file countfreq.s
   Uses
      At line 87 in file countfreq.s
Comment: ISR_FUNC used once
ISR_FUNC1 00000018

Symbol: ISR_FUNC1
   Definitions
      At line 82 in file countfreq.s
   Uses
      At line 68 in file countfreq.s
Comment: ISR_FUNC1 used once
LOOP 000000E4

Symbol: LOOP
   Definitions
      At line 167 in file countfreq.s
   Uses



ARM Macro Assembler    Page 3 Alphabetic symbol ordering
Relocatable symbols

      At line 191 in file countfreq.s
Comment: LOOP used once
LOOP2 0000013C

Symbol: LOOP2
   Definitions
      At line 203 in file countfreq.s
   Uses
      At line 193 in file countfreq.s
Comment: LOOP2 used once
LOOP_END 000001A0

Symbol: LOOP_END
   Definitions
      At line 238 in file countfreq.s
   Uses
      At line 225 in file countfreq.s
Comment: LOOP_END used once
NUMBER 000000AC

Symbol: NUMBER
   Definitions
      At line 146 in file countfreq.s
   Uses
      At line 154 in file countfreq.s
Comment: NUMBER used once
P0FULL 0000009C

Symbol: P0FULL
   Definitions
      At line 142 in file countfreq.s
   Uses
      None
Comment: P0FULL unused
P0_PERIOD 00000190

Symbol: P0_PERIOD
   Definitions
      At line 231 in file countfreq.s
   Uses
      None
Comment: P0_PERIOD unused
P1FULL 000000A0

Symbol: P1FULL
   Definitions
      At line 143 in file countfreq.s
   Uses
      At line 158 in file countfreq.s
Comment: P1FULL used once
P1_PERIOD 00000194

Symbol: P1_PERIOD
   Definitions
      At line 232 in file countfreq.s
   Uses
      None
Comment: P1_PERIOD unused
P2FULL 000000A4



ARM Macro Assembler    Page 4 Alphabetic symbol ordering
Relocatable symbols


Symbol: P2FULL
   Definitions
      At line 144 in file countfreq.s
   Uses
      At line 157 in file countfreq.s
Comment: P2FULL used once
P2_PERIOD 00000198

Symbol: P2_PERIOD
   Definitions
      At line 233 in file countfreq.s
   Uses
      None
Comment: P2_PERIOD unused
P3FULL 000000A8

Symbol: P3FULL
   Definitions
      At line 145 in file countfreq.s
   Uses
      At line 156 in file countfreq.s
Comment: P3FULL used once
P3_PERIOD 0000019C

Symbol: P3_PERIOD
   Definitions
      At line 234 in file countfreq.s
   Uses
      None
Comment: P3_PERIOD unused
Reset_Handler 00000030

Symbol: Reset_Handler
   Definitions
      At line 89 in file countfreq.s
   Uses
      At line 51 in file countfreq.s
Comment: Reset_Handler used once
SIMCONTROL 0000018C

Symbol: SIMCONTROL
   Definitions
      At line 229 in file countfreq.s
   Uses
      At line 49 in file countfreq.s
Comment: SIMCONTROL used once
SIM_TIME 0000018C

Symbol: SIM_TIME
   Definitions
      At line 230 in file countfreq.s
   Uses
      None
Comment: SIM_TIME unused
START 000000C0

Symbol: START
   Definitions



ARM Macro Assembler    Page 5 Alphabetic symbol ordering
Relocatable symbols

      At line 154 in file countfreq.s
   Uses
      At line 129 in file countfreq.s
Comment: START used once
STOP 000001A8

Symbol: STOP
   Definitions
      At line 240 in file countfreq.s
   Uses
      At line 240 in file countfreq.s
Comment: STOP used once
31 symbols



ARM Macro Assembler    Page 1 Alphabetic symbol ordering
Relocatable symbols

DATA 00000000

Symbol: DATA
   Definitions
      At line 242 in file countfreq.s
   Uses
      None
Comment: DATA unused
P0COUNT 00000000

Symbol: P0COUNT
   Definitions
      At line 244 in file countfreq.s
   Uses
      At line 48 in file countfreq.s
      At line 147 in file countfreq.s

P1COUNT 00000004

Symbol: P1COUNT
   Definitions
      At line 245 in file countfreq.s
   Uses
      At line 148 in file countfreq.s
Comment: P1COUNT used once
P2COUNT 00000008

Symbol: P2COUNT
   Definitions
      At line 246 in file countfreq.s
   Uses
      At line 149 in file countfreq.s
Comment: P2COUNT used once
P3COUNT 0000000C

Symbol: P3COUNT
   Definitions
      At line 247 in file countfreq.s
   Uses
      At line 150 in file countfreq.s
Comment: P3COUNT used once
SIM_OUT 00000000

Symbol: SIM_OUT
   Definitions
      At line 243 in file countfreq.s
   Uses
      None
Comment: SIM_OUT unused
6 symbols



ARM Macro Assembler    Page 1 Alphabetic symbol ordering
Relocatable symbols

DEBUG_CNT 00000000

Symbol: DEBUG_CNT
   Definitions
      At line 250 in file countfreq.s
   Uses
      At line 50 in file countfreq.s
Comment: DEBUG_CNT used once
STACK 00000000

Symbol: STACK
   Definitions
      At line 249 in file countfreq.s
   Uses
      None
Comment: STACK unused
Stack_Mem 00000010

Symbol: Stack_Mem
   Definitions
      At line 251 in file countfreq.s
   Uses
      None
Comment: Stack_Mem unused
Stack_Top 00000110

Symbol: Stack_Top
   Definitions
      At line 254 in file countfreq.s
   Uses
      At line 103 in file countfreq.s
Comment: Stack_Top used once
__initial_sp 00000010

Symbol: __initial_sp
   Definitions
      At line 252 in file countfreq.s
   Uses
      None
Comment: __initial_sp unused
5 symbols



ARM Macro Assembler    Page 1 Alphabetic symbol ordering
Absolute symbols

ABT_Stack_Size 00000000

Symbol: ABT_Stack_Size
   Definitions
      At line 26 in file countfreq.s
   Uses
      At line 32 in file countfreq.s
      At line 113 in file countfreq.s

EINT2 00000010

Symbol: EINT2
   Definitions
      At line 69 in file countfreq.s
   Uses
      At line 91 in file countfreq.s
Comment: EINT2 used once
FIQ_Stack_Size 00000000

Symbol: FIQ_Stack_Size
   Definitions
      At line 27 in file countfreq.s
   Uses
      At line 32 in file countfreq.s
      At line 118 in file countfreq.s

F_Bit 00000040

Symbol: F_Bit
   Definitions
      At line 12 in file countfreq.s
   Uses
      At line 106 in file countfreq.s
      At line 111 in file countfreq.s
      At line 116 in file countfreq.s
      At line 121 in file countfreq.s
      At line 126 in file countfreq.s

IRQ_Stack_Size 00000080

Symbol: IRQ_Stack_Size
   Definitions
      At line 28 in file countfreq.s
   Uses
      At line 32 in file countfreq.s
      At line 123 in file countfreq.s

ISR_Stack_Size 00000100

Symbol: ISR_Stack_Size
   Definitions
      At line 32 in file countfreq.s
   Uses
      At line 252 in file countfreq.s
Comment: ISR_Stack_Size used once
I_Bit 00000080

Symbol: I_Bit
   Definitions



ARM Macro Assembler    Page 2 Alphabetic symbol ordering
Absolute symbols

      At line 11 in file countfreq.s
   Uses
      At line 106 in file countfreq.s
      At line 111 in file countfreq.s
      At line 116 in file countfreq.s
      At line 121 in file countfreq.s

Mode_ABT 00000017

Symbol: Mode_ABT
   Definitions
      At line 7 in file countfreq.s
   Uses
      At line 111 in file countfreq.s
Comment: Mode_ABT used once
Mode_FIQ 00000011

Symbol: Mode_FIQ
   Definitions
      At line 4 in file countfreq.s
   Uses
      At line 116 in file countfreq.s
Comment: Mode_FIQ used once
Mode_IRQ 00000012

Symbol: Mode_IRQ
   Definitions
      At line 5 in file countfreq.s
   Uses
      At line 121 in file countfreq.s
Comment: Mode_IRQ used once
Mode_SVC 00000013

Symbol: Mode_SVC
   Definitions
      At line 6 in file countfreq.s
   Uses
      At line 126 in file countfreq.s
Comment: Mode_SVC used once
Mode_SYS 0000001F

Symbol: Mode_SYS
   Definitions
      At line 9 in file countfreq.s
   Uses
      None
Comment: Mode_SYS unused
Mode_UND 0000001B

Symbol: Mode_UND
   Definitions
      At line 8 in file countfreq.s
   Uses
      At line 106 in file countfreq.s
Comment: Mode_UND used once
Mode_USR 00000010

Symbol: Mode_USR
   Definitions



ARM Macro Assembler    Page 3 Alphabetic symbol ordering
Absolute symbols

      At line 3 in file countfreq.s
   Uses
      None
Comment: Mode_USR unused
SVC_Stack_Size 00000080

Symbol: SVC_Stack_Size
   Definitions
      At line 25 in file countfreq.s
   Uses
      At line 32 in file countfreq.s
      At line 128 in file countfreq.s

UND_Stack_Size 00000000

Symbol: UND_Stack_Size
   Definitions
      At line 24 in file countfreq.s
   Uses
      At line 32 in file countfreq.s
      At line 108 in file countfreq.s

USR_Stack_Size 00000000

Symbol: USR_Stack_Size
   Definitions
      At line 29 in file countfreq.s
   Uses
      At line 251 in file countfreq.s
Comment: USR_Stack_Size used once
17 symbols
401 symbols in table
